2025-12-29 10:12:14.640 - DBeaver 25.3.0.202511301802 is starting
2025-12-29 10:12:14.641 - OS: Windows 10 10.0 (amd64)
2025-12-29 10:12:14.641 - Java version: 21.0.8 by Eclipse Adoptium (64bit)
2025-12-29 10:12:14.641 - Install path: 'C:\Users\soldesk\AppData\Local\DBeaver'
2025-12-29 10:12:14.641 - Instance path: 'file:/C:/Users/soldesk/AppData/Roaming/DBeaverData/workspace6/'
2025-12-29 10:12:14.643 - Memory available 64Mb/1024Mb
2025-12-29 10:12:14.654 - Create display
2025-12-29 10:12:14.858 - Initialize desktop platform...
2025-12-29 10:12:14.996 - BounceCastle bundle found. Use JCE provider BC
> Start Core File Systems [org.eclipse.core.filesystem 1.11.400.v20251107-0507]
> Start Core Resource Management [org.eclipse.core.resources 3.23.100.v20251106-1705]
> Start 팀 지원 핵심 [org.eclipse.team.core 3.10.900.v20251104-0924]
> Start DBeaver UI Navigator [org.jkiss.dbeaver.ui.navigator 1.0.168.202511301802]
2025-12-29 10:12:15.187 - Initialize base platform...
2025-12-29 10:12:15.199 - Platform initialized (341ms)
2025-12-29 10:12:15.343 - Starting instance server at http://localhost:52250
2025-12-29 10:12:15.350 - Run workbench
> Start Eclipse e4 작업영역 SWT [org.eclipse.e4.ui.workbench.swt 0.17.1000.v20251023-0611]
> Start Eclipse Application Services [org.eclipse.e4.core.services 2.5.300.v20251112-1253]
> Start Eclipse UI Application Services [org.eclipse.e4.ui.services 1.6.600.v20251023-1358]
> Start Eclipse e4 Progress View [org.eclipse.e4.ui.progress 0.4.900.v20251023-1511]
> Start Eclipse Bindings Support [org.eclipse.e4.ui.bindings 0.14.800.v20250916-0937]
> Start Eclipse e4 core commands [org.eclipse.e4.core.commands 1.1.700.v20250916-0927]
> Start EMF XML/XMI Persistence [org.eclipse.emf.ecore.xmi 2.39.0.v20250910-1205]
> Start Eclipse CSS SWT Theme Support [org.eclipse.e4.ui.css.swt.theme 0.14.600.v20251023-0615]
> Start Eclipse e4 작업영역 기능 추가 [org.eclipse.e4.ui.workbench.addons.swt 1.5.900.v20251007-0832]
Warning: NLS unused message: WorkbenchPreference_reuseEditorsThreshold in: org.eclipse.ui.internal.messages
Warning: NLS unused message: 이유 in: org.eclipse.ui.internal.messages
> Start Eclipse e4 작업영역 SWT 렌더러 [org.eclipse.e4.ui.workbench.renderers.swt 0.16.1000.v20251114-0005]
> Start Eclipse Dependency Injection Extensions [org.eclipse.e4.core.di.extensions 0.18.300.v20240413-1529]
> Start DBeaver AI Model [org.jkiss.dbeaver.model.ai 2.0.11.202511301802]
> Start DBeaver AI UI [org.jkiss.dbeaver.ui.ai 1.0.70.202511301802]
> Start Eclipse CSS SWT Support [org.eclipse.e4.ui.css.swt 0.15.700.v20251023-1511]
> Start JFace 텍스트 [org.eclipse.jface.text 3.29.0.v20251112-0859]
> Start 기본 문서 편집기 [org.eclipse.ui.editors 3.20.200.v20251103-1510]
> Start 텍스트 편집기 프레임워크 [org.eclipse.ui.workbench.texteditor 3.19.400.v20251105-0815]
2025-12-29 10:12:16.953 - Configure workbench window
> Start DBeaver SQL Model [org.jkiss.dbeaver.model.sql 1.0.158.202511301802]
2025-12-29 10:12:17.086 - Total database drivers: 127 (127)
> Start 도움말 시스템 코어 [org.eclipse.help 3.10.600.v20250613-0437]
2025-12-29 10:12:17.153 - Create actions
2025-12-29 10:12:17.675 - Initialize workbench window
2025-12-29 10:12:17.690 - Finish initialization
> Start DBeaver UI Editors - Data [org.jkiss.dbeaver.ui.editors.data 1.0.168.202511301802]
> Start DBeaver UI Editors - SQL [org.jkiss.dbeaver.ui.editors.sql 1.0.168.202511301802]
Warning: NLS unused message: FindReplace_RegExCheckbox_label in: org.eclipse.ui.texteditor.EditorMessages
Warning: NLS unused message: FindReplace_WrapCheckBox_label in: org.eclipse.ui.texteditor.EditorMessages
Warning: NLS unused message: FindReplace_IncrementalCheckBox_label in: org.eclipse.ui.texteditor.EditorMessages
Warning: NLS unused message: FindReplace_Options in: org.eclipse.ui.texteditor.EditorMessages
Warning: NLS unused message: FindReplace_ReplaceSelectionButton_label in: org.eclipse.ui.texteditor.EditorMessages
Warning: NLS unused message: FindReplace_SelectedRangeRadioButton_label in: org.eclipse.ui.texteditor.EditorMessages
Warning: NLS unused message: FindReplace_SelectAllButton_label in: org.eclipse.ui.texteditor.EditorMessages
Warning: NLS unused message: FindReplace_GlobalRadioButton_label in: org.eclipse.ui.texteditor.EditorMessages
Warning: NLS unused message: FindReplace_WholeWordCheckBox_label in: org.eclipse.ui.texteditor.EditorMessages
Warning: NLS unused message: FindReplace_ReplaceFindButton_label in: org.eclipse.ui.texteditor.EditorMessages
Warning: NLS unused message: FindReplace_BackwardRadioButton_label in: org.eclipse.ui.texteditor.EditorMessages
Warning: NLS unused message: FindReplace_CloseButton_label in: org.eclipse.ui.texteditor.EditorMessages
Warning: NLS unused message: FindReplace_Replace_label in: org.eclipse.ui.texteditor.EditorMessages
Warning: NLS unused message: FindReplace_CaseCheckBox_label in: org.eclipse.ui.texteditor.EditorMessages
Warning: NLS unused message: FindReplace_Status_replacements_label in: org.eclipse.ui.texteditor.EditorMessages
Warning: NLS unused message: FindReplace_title in: org.eclipse.ui.texteditor.EditorMessages
Warning: NLS unused message: FindReplace_Direction in: org.eclipse.ui.texteditor.EditorMessages
Warning: NLS unused message: FindReplace_ReplaceAllButton_label in: org.eclipse.ui.texteditor.EditorMessages
Warning: NLS unused message: FindReplace_Scope in: org.eclipse.ui.texteditor.EditorMessages
Warning: NLS unused message: FindReplace_Find_label in: org.eclipse.ui.texteditor.EditorMessages
Warning: NLS unused message: FindReplace_ForwardRadioButton_label in: org.eclipse.ui.texteditor.EditorMessages
Warning: NLS unused message: FindReplace_FindNextButton_label in: org.eclipse.ui.texteditor.EditorMessages
> Start DBeaver SQL Terminal [org.jkiss.dbeaver.ui.editors.sql.terminal 1.0.144.202511301802]
> Start 핵심 비교 지원 [org.eclipse.compare.core 3.8.800.v20250718-1505]
> Start Equinox Java Authentication and Authorization Service (JAAS) [org.eclipse.equinox.security 1.4.700.v20250622-1644]
> Start 인터넷 연결 관리 사용자 인터페이스 [org.eclipse.ui.net 1.5.500.v20250611-0855]
> Start Internet Connection Management [org.eclipse.core.net 1.5.800.v20250613-1119]
> Start DBeaver Sample Database [org.jkiss.dbeaver.ui.config.sample 1.0.205.202511301802]
2025-12-29 10:12:19.808 - Open [https://dbeaver.io/product/version.xml]
> Start DBeaver Dashboard UI [org.jkiss.dbeaver.ui.dashboard 1.0.165.202511301802]
> Start GEF Classic Draw2d [org.eclipse.draw2d 3.21.0.202511181644]
> Start GEF Classic GEF (MVC) [org.eclipse.gef 3.24.0.202511140645]
> Start DBeaver ERD UI [org.jkiss.dbeaver.ui.editors.erd 3.1.9.202511301802]
> Start DBeaver ERD Model [org.jkiss.dbeaver.model.erd 1.1.9.202511301802]
> Start DBeaver JDBC Model [org.jkiss.dbeaver.model.jdbc 1.0.61.202511301802]
> Start DBeaver Oracle Model [org.jkiss.dbeaver.ext.oracle 2.1.253.202511301802]
> Start 콘솔 [org.eclipse.ui.console 3.15.0.v20251113-1013]
> Start 디버그 핵심 [org.eclipse.debug.core 3.23.200.v20251107-0507]
> Start DBeaver Tasks - Native Tools UI [org.jkiss.dbeaver.tasks.native.ui 1.0.146.202511301802]
> Start DBeaver Oracle UI [org.jkiss.dbeaver.ext.oracle.ui 1.0.155.202511301802]
> Start DBeaver Tasks - General UI [org.jkiss.dbeaver.tasks.ui 1.0.146.202511301802]
2025-12-29 10:12:20.799 - Connect with 'xe' (oracle_thin-19a51d6e837-5098617506d18626)
2025-12-29 10:12:20.819 - Execution context opened (xe; Main; 0)
> Start DBeaver SQL Language Semantic Model [org.jkiss.dbeaver.model.lsm 1.0.63.202511301802]
> Start DBeaver Tasks View [org.jkiss.dbeaver.tasks.ui.view 1.0.117.202511301802]
> Start Data Transfer UI [org.jkiss.dbeaver.data.transfer.ui 1.0.152.202511301802]
2025-12-29 10:12:28.759 - Service 'org.jkiss.dbeaver.ui.UIServiceConnectionEditor' not found
2025-12-29 10:12:28.809 - Service 'org.jkiss.dbeaver.runtime.ui.UIServiceSecurity' not found
2025-12-29 10:12:42.229 - ORA-12541: 데이터베이스에 접속할 수 없습니다. %s에 리스너가 없습니다. (CONNECTION_ID=OiFQuLQ2SAud/UudBMY6OQ==)
oracle.net.ns.NetException: ORA-12541: 데이터베이스에 접속할 수 없습니다. %s에 리스너가 없습니다. (CONNECTION_ID=OiFQuLQ2SAud/UudBMY6OQ==)
	at oracle.net.nt.TcpNTAdapter.establishSocket(TcpNTAdapter.java:312)
	at oracle.net.nt.TcpNTAdapter.connect(TcpNTAdapter.java:223)
	at oracle.net.nt.ConnOption.connect(ConnOption.java:259)
	at oracle.net.nt.ConnStrategy.executeConnOption(ConnStrategy.java:1076)
	at oracle.net.nt.ConnStrategy.execute(ConnStrategy.java:681)
	at oracle.net.resolver.AddrResolution.resolveAndExecute(AddrResolution.java:688)
	at oracle.net.ns.NSProtocol.establishConnection(NSProtocol.java:935)
	at oracle.net.ns.NSProtocol.connect(NSProtocol.java:323)
	at oracle.jdbc.driver.T4CConnection.connectSession(T4CConnection.java:2882)
	at oracle.jdbc.driver.T4CConnection.logon(T4CConnection.java:811)
	at oracle.jdbc.driver.PhysicalConnection.connect(PhysicalConnection.java:1132)
	at oracle.jdbc.driver.T4CDriverExtension.getConnection(T4CDriverExtension.java:104)
	at oracle.jdbc.driver.OracleDriver.connect(OracleDriver.java:837)
	at oracle.jdbc.driver.OracleDriver.connect(OracleDriver.java:664)
	at org.jkiss.dbeaver.model.impl.jdbc.JDBCConnectionOpener.run(JDBCConnectionOpener.java:112)
	at org.jkiss.dbeaver.model.impl.jdbc.JDBCConnectionOpener.run(JDBCConnectionOpener.java:86)
	at org.jkiss.dbeaver.model.impl.jdbc.JDBCDataSource.openConnection(JDBCDataSource.java:215)
	at org.jkiss.dbeaver.model.impl.jdbc.JDBCDataSource.openConnection(JDBCDataSource.java:133)
	at org.jkiss.dbeaver.ext.oracle.model.OracleDataSource.openConnection(OracleDataSource.java:209)
	at org.jkiss.dbeaver.model.impl.jdbc.JDBCExecutionContext.connect(JDBCExecutionContext.java:124)
	at org.jkiss.dbeaver.model.impl.jdbc.JDBCRemoteInstance.initializeMainContext(JDBCRemoteInstance.java:105)
	at org.jkiss.dbeaver.model.impl.jdbc.JDBCRemoteInstance.<init>(JDBCRemoteInstance.java:60)
	at org.jkiss.dbeaver.model.impl.jdbc.JDBCDataSource.initializeRemoteInstance(JDBCDataSource.java:125)
	at org.jkiss.dbeaver.model.impl.jdbc.JDBCDataSource.<init>(JDBCDataSource.java:109)
	at org.jkiss.dbeaver.model.impl.jdbc.JDBCDataSource.<init>(JDBCDataSource.java:100)
	at org.jkiss.dbeaver.ext.oracle.model.OracleDataSource.<init>(OracleDataSource.java:109)
	at org.jkiss.dbeaver.ext.oracle.OracleDataSourceProvider.openDataSource(OracleDataSourceProvider.java:143)
	at org.jkiss.dbeaver.registry.DataSourceDescriptor.openDataSource(DataSourceDescriptor.java:1369)
	at org.jkiss.dbeaver.registry.DataSourceDescriptor.connect0(DataSourceDescriptor.java:1227)
	at org.jkiss.dbeaver.registry.DataSourceDescriptor.connect(DataSourceDescriptor.java:1061)
	at org.jkiss.dbeaver.runtime.jobs.ConnectJob.run(ConnectJob.java:77)
	at org.jkiss.dbeaver.model.runtime.AbstractJob.run(AbstractJob.java:119)
	at org.eclipse.core.internal.jobs.Worker.run(Worker.java:63)
2025-12-29 10:12:54.541 - Connect with 'xe' (oracle_thin-19b67aa53f0-50137da6eb1b3b1d)
2025-12-29 10:12:54.543 - Execution context opened (xe; Main; 1)
2025-12-29 10:12:55.183 - Connected (oracle_thin-19b67aa53f0-50137da6eb1b3b1d, Oracle JDBC driver [23.2.0.0.0])
2025-12-29 10:12:55.197 - Execution context closed (xe, 1)
2025-12-29 10:12:55.198 - Disconnected (oracle_thin-19b67aa53f0-50137da6eb1b3b1d)
2025-12-29 11:41:38.820 - Connect with 'xe' (oracle_thin-19a51d6e837-5098617506d18626)
2025-12-29 11:41:38.822 - Execution context opened (xe; Main; 2)
2025-12-29 11:41:38.994 - Execution context opened (xe; Metadata; 3)
2025-12-29 11:41:39.188 - Connected (oracle_thin-19a51d6e837-5098617506d18626, Oracle JDBC driver [23.2.0.0.0])
2025-12-29 11:41:39.236 - Execution context opened (xe; SQLEditor <Script.sql>; 4)
> Start DBeaver Data Transfer [org.jkiss.dbeaver.data.transfer 2.0.152.202511301802]
2025-12-29 11:41:41.313 - Service 'org.jkiss.dbeaver.ui.UIServiceConnectionEditor' not found
2025-12-29 11:41:41.343 - Service 'org.jkiss.dbeaver.runtime.ui.UIServiceSecurity' not found
2025-12-29 15:41:47.136 - Execution context closed (xe, 2)
2025-12-29 15:41:47.151 - Execution context closed (xe, 3)
2025-12-29 15:41:47.164 - Execution context closed (xe, 4)
2025-12-29 15:41:47.164 - Disconnected (oracle_thin-19a51d6e837-5098617506d18626)
2025-12-29 18:19:54.382 - Dispose navigator model
2025-12-29 18:19:54.426 - DBeaver is stopping
2025-12-29 18:19:54.427 - Stop instance server
2025-12-29 18:19:55.432 - Instance server has been stopped
2025-12-29 18:19:55.432 - DBeaver shutdown completed
