2026-01-07 10:42:30.630 - DBeaver 25.3.0.202511301802 is starting
2026-01-07 10:42:30.631 - OS: Windows 10 10.0 (amd64)
2026-01-07 10:42:30.631 - Java version: 21.0.8 by Eclipse Adoptium (64bit)
2026-01-07 10:42:30.631 - Install path: 'C:\Users\soldesk\AppData\Local\DBeaver'
2026-01-07 10:42:30.631 - Instance path: 'file:/C:/Users/soldesk/AppData/Roaming/DBeaverData/workspace6/'
2026-01-07 10:42:30.633 - Memory available 64Mb/1024Mb
2026-01-07 10:42:30.645 - Create display
2026-01-07 10:42:30.791 - Initialize desktop platform...
2026-01-07 10:42:30.938 - BounceCastle bundle found. Use JCE provider BC
> Start Core File Systems [org.eclipse.core.filesystem 1.11.400.v20251107-0507]
> Start Core Resource Management [org.eclipse.core.resources 3.23.100.v20251106-1705]
> Start 팀 지원 핵심 [org.eclipse.team.core 3.10.900.v20251104-0924]
> Start DBeaver UI Navigator [org.jkiss.dbeaver.ui.navigator 1.0.168.202511301802]
2026-01-07 10:42:31.125 - Initialize base platform...
2026-01-07 10:42:31.137 - Platform initialized (346ms)
2026-01-07 10:42:31.279 - Starting instance server at http://localhost:57399
2026-01-07 10:42:31.285 - Run workbench
> Start Eclipse e4 작업영역 SWT [org.eclipse.e4.ui.workbench.swt 0.17.1000.v20251023-0611]
> Start Eclipse Application Services [org.eclipse.e4.core.services 2.5.300.v20251112-1253]
> Start Eclipse UI Application Services [org.eclipse.e4.ui.services 1.6.600.v20251023-1358]
> Start Eclipse e4 Progress View [org.eclipse.e4.ui.progress 0.4.900.v20251023-1511]
> Start Eclipse Bindings Support [org.eclipse.e4.ui.bindings 0.14.800.v20250916-0937]
> Start Eclipse e4 core commands [org.eclipse.e4.core.commands 1.1.700.v20250916-0927]
> Start EMF XML/XMI Persistence [org.eclipse.emf.ecore.xmi 2.39.0.v20250910-1205]
> Start Eclipse CSS SWT Theme Support [org.eclipse.e4.ui.css.swt.theme 0.14.600.v20251023-0615]
> Start Eclipse e4 작업영역 기능 추가 [org.eclipse.e4.ui.workbench.addons.swt 1.5.900.v20251007-0832]
Warning: NLS unused message: WorkbenchPreference_reuseEditorsThreshold in: org.eclipse.ui.internal.messages
Warning: NLS unused message: 이유 in: org.eclipse.ui.internal.messages
> Start Eclipse e4 작업영역 SWT 렌더러 [org.eclipse.e4.ui.workbench.renderers.swt 0.16.1000.v20251114-0005]
> Start Eclipse Dependency Injection Extensions [org.eclipse.e4.core.di.extensions 0.18.300.v20240413-1529]
> Start DBeaver AI Model [org.jkiss.dbeaver.model.ai 2.0.11.202511301802]
> Start DBeaver AI UI [org.jkiss.dbeaver.ui.ai 1.0.70.202511301802]
> Start Eclipse CSS SWT Support [org.eclipse.e4.ui.css.swt 0.15.700.v20251023-1511]
> Start JFace 텍스트 [org.eclipse.jface.text 3.29.0.v20251112-0859]
> Start 기본 문서 편집기 [org.eclipse.ui.editors 3.20.200.v20251103-1510]
> Start 텍스트 편집기 프레임워크 [org.eclipse.ui.workbench.texteditor 3.19.400.v20251105-0815]
2026-01-07 10:42:32.855 - Configure workbench window
> Start DBeaver SQL Model [org.jkiss.dbeaver.model.sql 1.0.158.202511301802]
2026-01-07 10:42:32.996 - Total database drivers: 127 (127)
> Start 도움말 시스템 코어 [org.eclipse.help 3.10.600.v20250613-0437]
2026-01-07 10:42:33.073 - Create actions
2026-01-07 10:42:33.656 - Initialize workbench window
2026-01-07 10:42:33.669 - Finish initialization
> Start DBeaver UI Editors - Data [org.jkiss.dbeaver.ui.editors.data 1.0.168.202511301802]
> Start DBeaver UI Editors - SQL [org.jkiss.dbeaver.ui.editors.sql 1.0.168.202511301802]
Warning: NLS unused message: FindReplace_RegExCheckbox_label in: org.eclipse.ui.texteditor.EditorMessages
Warning: NLS unused message: FindReplace_WrapCheckBox_label in: org.eclipse.ui.texteditor.EditorMessages
Warning: NLS unused message: FindReplace_IncrementalCheckBox_label in: org.eclipse.ui.texteditor.EditorMessages
Warning: NLS unused message: FindReplace_Options in: org.eclipse.ui.texteditor.EditorMessages
Warning: NLS unused message: FindReplace_ReplaceSelectionButton_label in: org.eclipse.ui.texteditor.EditorMessages
Warning: NLS unused message: FindReplace_SelectedRangeRadioButton_label in: org.eclipse.ui.texteditor.EditorMessages
Warning: NLS unused message: FindReplace_SelectAllButton_label in: org.eclipse.ui.texteditor.EditorMessages
Warning: NLS unused message: FindReplace_GlobalRadioButton_label in: org.eclipse.ui.texteditor.EditorMessages
Warning: NLS unused message: FindReplace_WholeWordCheckBox_label in: org.eclipse.ui.texteditor.EditorMessages
Warning: NLS unused message: FindReplace_ReplaceFindButton_label in: org.eclipse.ui.texteditor.EditorMessages
Warning: NLS unused message: FindReplace_BackwardRadioButton_label in: org.eclipse.ui.texteditor.EditorMessages
Warning: NLS unused message: FindReplace_CloseButton_label in: org.eclipse.ui.texteditor.EditorMessages
Warning: NLS unused message: FindReplace_Replace_label in: org.eclipse.ui.texteditor.EditorMessages
Warning: NLS unused message: FindReplace_CaseCheckBox_label in: org.eclipse.ui.texteditor.EditorMessages
Warning: NLS unused message: FindReplace_Status_replacements_label in: org.eclipse.ui.texteditor.EditorMessages
Warning: NLS unused message: FindReplace_title in: org.eclipse.ui.texteditor.EditorMessages
Warning: NLS unused message: FindReplace_Direction in: org.eclipse.ui.texteditor.EditorMessages
Warning: NLS unused message: FindReplace_ReplaceAllButton_label in: org.eclipse.ui.texteditor.EditorMessages
Warning: NLS unused message: FindReplace_Scope in: org.eclipse.ui.texteditor.EditorMessages
Warning: NLS unused message: FindReplace_Find_label in: org.eclipse.ui.texteditor.EditorMessages
Warning: NLS unused message: FindReplace_ForwardRadioButton_label in: org.eclipse.ui.texteditor.EditorMessages
Warning: NLS unused message: FindReplace_FindNextButton_label in: org.eclipse.ui.texteditor.EditorMessages
> Start DBeaver SQL Terminal [org.jkiss.dbeaver.ui.editors.sql.terminal 1.0.144.202511301802]
> Start 핵심 비교 지원 [org.eclipse.compare.core 3.8.800.v20250718-1505]
> Start Equinox Java Authentication and Authorization Service (JAAS) [org.eclipse.equinox.security 1.4.700.v20250622-1644]
> Start 인터넷 연결 관리 사용자 인터페이스 [org.eclipse.ui.net 1.5.500.v20250611-0855]
> Start Internet Connection Management [org.eclipse.core.net 1.5.800.v20250613-1119]
> Start DBeaver Sample Database [org.jkiss.dbeaver.ui.config.sample 1.0.205.202511301802]
2026-01-07 10:42:36.373 - Open [https://dbeaver.io/product/version.xml]
> Start DBeaver Dashboard UI [org.jkiss.dbeaver.ui.dashboard 1.0.165.202511301802]
> Start GEF Classic Draw2d [org.eclipse.draw2d 3.21.0.202511181644]
> Start GEF Classic GEF (MVC) [org.eclipse.gef 3.24.0.202511140645]
> Start DBeaver ERD UI [org.jkiss.dbeaver.ui.editors.erd 3.1.9.202511301802]
> Start DBeaver ERD Model [org.jkiss.dbeaver.model.erd 1.1.9.202511301802]
> Start DBeaver JDBC Model [org.jkiss.dbeaver.model.jdbc 1.0.61.202511301802]
> Start DBeaver Oracle Model [org.jkiss.dbeaver.ext.oracle 2.1.253.202511301802]
> Start 콘솔 [org.eclipse.ui.console 3.15.0.v20251113-1013]
> Start 디버그 핵심 [org.eclipse.debug.core 3.23.200.v20251107-0507]
> Start DBeaver Tasks - Native Tools UI [org.jkiss.dbeaver.tasks.native.ui 1.0.146.202511301802]
> Start DBeaver Oracle UI [org.jkiss.dbeaver.ext.oracle.ui 1.0.155.202511301802]
> Start DBeaver Tasks - General UI [org.jkiss.dbeaver.tasks.ui 1.0.146.202511301802]
2026-01-07 10:42:37.233 - Connect with 'xe' (oracle_thin-19a51d6e837-5098617506d18626)
2026-01-07 10:42:37.262 - Execution context opened (xe; Main; 0)
> Start DBeaver SQL Language Semantic Model [org.jkiss.dbeaver.model.lsm 1.0.63.202511301802]
2026-01-07 10:42:38.173 - Execution context opened (xe; Metadata; 1)
2026-01-07 10:42:38.343 - Connected (oracle_thin-19a51d6e837-5098617506d18626, Oracle JDBC driver [23.2.0.0.0])
2026-01-07 10:42:38.385 - Execution context opened (xe; SQLEditor <Script.sql>; 2)
2026-01-07 10:42:50.715 - Downloading installation file to C:\Users\soldesk\AppData\Local\Temp\dbeaver-ce-latest-x86_64-setup.exe16574844126594082905\dbeaver-ce-latest-x86_64-setup.exe
2026-01-07 10:42:50.716 - Open [https://dbeaver.io/files/dbeaver-ce-latest-x86_64-setup.exe]
2026-01-07 10:44:13.802 - Execution context opened (xe; SQLEditor <Script.sql>; 3)
> Start DBeaver GIS Support [org.jkiss.dbeaver.data.gis 1.0.192.202511301802]
> Start DBeaver Data Transfer [org.jkiss.dbeaver.data.transfer 2.0.152.202511301802]
2026-01-07 21:49:12.060 - Connection close timeout
2026-01-07 21:49:12.151 - Execution context closed (xe, 0)
2026-01-07 22:59:22.364 - Error closing connection
java.sql.SQLRecoverableException: ORA-17002: IO 오류: Connection reset
	at oracle.jdbc.driver.T4CConnection.logoff(T4CConnection.java:2079)
	at oracle.jdbc.driver.PhysicalConnection.close(PhysicalConnection.java:2954)
	at oracle.jdbc.driver.T4CConnection.close(T4CConnection.java:11659)
	at org.jkiss.dbeaver.model.impl.jdbc.JDBCDataSource.lambda$1(JDBCDataSource.java:426)
	at org.jkiss.dbeaver.utils.RuntimeUtils$MonitoringTask.run(RuntimeUtils.java:767)
	at org.jkiss.dbeaver.utils.RuntimeUtils$1.run(RuntimeUtils.java:269)
	at org.jkiss.dbeaver.model.runtime.AbstractJob.run(AbstractJob.java:119)
	at org.eclipse.core.internal.jobs.Worker.run(Worker.java:63)
Caused by: java.net.SocketException: Connection reset
	at java.base/sun.nio.ch.SocketChannelImpl.throwConnectionReset(SocketChannelImpl.java:401)
	at java.base/sun.nio.ch.SocketChannelImpl.read(SocketChannelImpl.java:434)
	at oracle.net.nt.TimeoutSocketChannel.readFromSocket(TimeoutSocketChannel.java:743)
	at oracle.net.nt.TimeoutSocketChannel.doSelectForRead(TimeoutSocketChannel.java:604)
	at oracle.net.nt.TimeoutSocketChannel.read(TimeoutSocketChannel.java:501)
	at oracle.net.ns.NSProtocolNIO.doSocketRead(NSProtocolNIO.java:1222)
	at oracle.net.ns.NIOPacket.readHeader(NIOPacket.java:271)
	at oracle.net.ns.NIOPacket.readPacketFromSocketChannel(NIOPacket.java:204)
	at oracle.net.ns.NIOPacket.readFromSocketChannel(NIOPacket.java:147)
	at oracle.net.ns.NIOPacket.readFromSocketChannel(NIOPacket.java:120)
	at oracle.net.ns.NIONSDataChannel.readDataFromSocketChannel(NIONSDataChannel.java:104)
	at oracle.jdbc.driver.T4CMAREngineNIO.prepareForUnmarshall(T4CMAREngineNIO.java:875)
	at oracle.jdbc.driver.T4CMAREngineNIO.unmarshalUB1(T4CMAREngineNIO.java:446)
	at oracle.jdbc.driver.T4CTTIfun.receive(T4CTTIfun.java:888)
	at oracle.jdbc.driver.T4CTTIfun.doRPC(T4CTTIfun.java:443)
	at oracle.jdbc.driver.T4C7Ocommoncall.doOLOGOFF(T4C7Ocommoncall.java:69)
	at oracle.jdbc.driver.T4CConnection.logoff(T4CConnection.java:2069)
	... 7 more
2026-01-07 22:59:22.375 - Connection close timeout
2026-01-07 22:59:22.376 - Error closing connection
java.sql.SQLRecoverableException: ORA-17002: IO 오류: Connection reset
	at oracle.jdbc.driver.T4CConnection.logoff(T4CConnection.java:2079)
	at oracle.jdbc.driver.PhysicalConnection.close(PhysicalConnection.java:2954)
	at oracle.jdbc.driver.T4CConnection.close(T4CConnection.java:11659)
	at org.jkiss.dbeaver.model.impl.jdbc.JDBCDataSource.lambda$1(JDBCDataSource.java:426)
	at org.jkiss.dbeaver.utils.RuntimeUtils$MonitoringTask.run(RuntimeUtils.java:767)
	at org.jkiss.dbeaver.utils.RuntimeUtils$1.run(RuntimeUtils.java:269)
	at org.jkiss.dbeaver.model.runtime.AbstractJob.run(AbstractJob.java:119)
	at org.eclipse.core.internal.jobs.Worker.run(Worker.java:63)
Caused by: java.net.SocketException: Connection reset
	at java.base/sun.nio.ch.SocketChannelImpl.throwConnectionReset(SocketChannelImpl.java:401)
	at java.base/sun.nio.ch.SocketChannelImpl.read(SocketChannelImpl.java:434)
	at oracle.net.nt.TimeoutSocketChannel.readFromSocket(TimeoutSocketChannel.java:743)
	at oracle.net.nt.TimeoutSocketChannel.doSelectForRead(TimeoutSocketChannel.java:604)
	at oracle.net.nt.TimeoutSocketChannel.read(TimeoutSocketChannel.java:501)
	at oracle.net.ns.NSProtocolNIO.doSocketRead(NSProtocolNIO.java:1222)
	at oracle.net.ns.NIOPacket.readHeader(NIOPacket.java:271)
	at oracle.net.ns.NIOPacket.readPacketFromSocketChannel(NIOPacket.java:204)
	at oracle.net.ns.NIOPacket.readFromSocketChannel(NIOPacket.java:147)
	at oracle.net.ns.NIOPacket.readFromSocketChannel(NIOPacket.java:120)
	at oracle.net.ns.NIONSDataChannel.readDataFromSocketChannel(NIONSDataChannel.java:104)
	at oracle.jdbc.driver.T4CMAREngineNIO.prepareForUnmarshall(T4CMAREngineNIO.java:875)
	at oracle.jdbc.driver.T4CMAREngineNIO.unmarshalUB1(T4CMAREngineNIO.java:446)
	at oracle.jdbc.driver.T4CTTIfun.receive(T4CTTIfun.java:888)
	at oracle.jdbc.driver.T4CTTIfun.doRPC(T4CTTIfun.java:443)
	at oracle.jdbc.driver.T4C7Ocommoncall.doOLOGOFF(T4C7Ocommoncall.java:69)
	at oracle.jdbc.driver.T4CConnection.logoff(T4CConnection.java:2069)
	... 7 more
2026-01-07 22:59:22.378 - Execution context closed (xe, 1)
2026-01-08 00:00:36.036 - Error closing connection
java.sql.SQLRecoverableException: ORA-17002: IO 오류: Connection reset
	at oracle.jdbc.driver.T4CConnection.logoff(T4CConnection.java:2079)
	at oracle.jdbc.driver.PhysicalConnection.close(PhysicalConnection.java:2954)
	at oracle.jdbc.driver.T4CConnection.close(T4CConnection.java:11659)
	at org.jkiss.dbeaver.model.impl.jdbc.JDBCDataSource.lambda$1(JDBCDataSource.java:426)
	at org.jkiss.dbeaver.utils.RuntimeUtils$MonitoringTask.run(RuntimeUtils.java:767)
	at org.jkiss.dbeaver.utils.RuntimeUtils$1.run(RuntimeUtils.java:269)
	at org.jkiss.dbeaver.model.runtime.AbstractJob.run(AbstractJob.java:119)
	at org.eclipse.core.internal.jobs.Worker.run(Worker.java:63)
Caused by: java.net.SocketException: Connection reset
	at java.base/sun.nio.ch.SocketChannelImpl.throwConnectionReset(SocketChannelImpl.java:401)
	at java.base/sun.nio.ch.SocketChannelImpl.read(SocketChannelImpl.java:434)
	at oracle.net.nt.TimeoutSocketChannel.readFromSocket(TimeoutSocketChannel.java:743)
	at oracle.net.nt.TimeoutSocketChannel.doSelectForRead(TimeoutSocketChannel.java:604)
	at oracle.net.nt.TimeoutSocketChannel.read(TimeoutSocketChannel.java:501)
	at oracle.net.ns.NSProtocolNIO.doSocketRead(NSProtocolNIO.java:1222)
	at oracle.net.ns.NIOPacket.readHeader(NIOPacket.java:271)
	at oracle.net.ns.NIOPacket.readPacketFromSocketChannel(NIOPacket.java:204)
	at oracle.net.ns.NIOPacket.readFromSocketChannel(NIOPacket.java:147)
	at oracle.net.ns.NIOPacket.readFromSocketChannel(NIOPacket.java:120)
	at oracle.net.ns.NIONSDataChannel.readDataFromSocketChannel(NIONSDataChannel.java:104)
	at oracle.jdbc.driver.T4CMAREngineNIO.prepareForUnmarshall(T4CMAREngineNIO.java:875)
	at oracle.jdbc.driver.T4CMAREngineNIO.unmarshalUB1(T4CMAREngineNIO.java:446)
	at oracle.jdbc.driver.T4CTTIfun.receive(T4CTTIfun.java:888)
	at oracle.jdbc.driver.T4CTTIfun.doRPC(T4CTTIfun.java:443)
	at oracle.jdbc.driver.T4C7Ocommoncall.doOLOGOFF(T4C7Ocommoncall.java:69)
	at oracle.jdbc.driver.T4CConnection.logoff(T4CConnection.java:2069)
	... 7 more
2026-01-08 00:00:36.043 - Connection close timeout
2026-01-08 00:00:36.043 - Execution context closed (xe, 2)
2026-01-08 01:04:05.776 - Connection close timeout
2026-01-08 01:04:05.776 - Execution context closed (xe, 3)
2026-01-08 01:04:05.782 - Error closing connection
java.sql.SQLRecoverableException: ORA-17002: IO 오류: Connection reset
	at oracle.jdbc.driver.T4CConnection.logoff(T4CConnection.java:2079)
	at oracle.jdbc.driver.PhysicalConnection.close(PhysicalConnection.java:2954)
	at oracle.jdbc.driver.T4CConnection.close(T4CConnection.java:11659)
	at org.jkiss.dbeaver.model.impl.jdbc.JDBCDataSource.lambda$1(JDBCDataSource.java:426)
	at org.jkiss.dbeaver.utils.RuntimeUtils$MonitoringTask.run(RuntimeUtils.java:767)
	at org.jkiss.dbeaver.utils.RuntimeUtils$1.run(RuntimeUtils.java:269)
	at org.jkiss.dbeaver.model.runtime.AbstractJob.run(AbstractJob.java:119)
	at org.eclipse.core.internal.jobs.Worker.run(Worker.java:63)
Caused by: java.net.SocketException: Connection reset
	at java.base/sun.nio.ch.SocketChannelImpl.throwConnectionReset(SocketChannelImpl.java:401)
	at java.base/sun.nio.ch.SocketChannelImpl.read(SocketChannelImpl.java:434)
	at oracle.net.nt.TimeoutSocketChannel.readFromSocket(TimeoutSocketChannel.java:743)
	at oracle.net.nt.TimeoutSocketChannel.doSelectForRead(TimeoutSocketChannel.java:604)
	at oracle.net.nt.TimeoutSocketChannel.read(TimeoutSocketChannel.java:501)
	at oracle.net.ns.NSProtocolNIO.doSocketRead(NSProtocolNIO.java:1222)
	at oracle.net.ns.NIOPacket.readHeader(NIOPacket.java:271)
	at oracle.net.ns.NIOPacket.readPacketFromSocketChannel(NIOPacket.java:204)
	at oracle.net.ns.NIOPacket.readFromSocketChannel(NIOPacket.java:147)
	at oracle.net.ns.NIOPacket.readFromSocketChannel(NIOPacket.java:120)
	at oracle.net.ns.NIONSDataChannel.readDataFromSocketChannel(NIONSDataChannel.java:104)
	at oracle.jdbc.driver.T4CMAREngineNIO.prepareForUnmarshall(T4CMAREngineNIO.java:875)
	at oracle.jdbc.driver.T4CMAREngineNIO.unmarshalUB1(T4CMAREngineNIO.java:446)
	at oracle.jdbc.driver.T4CTTIfun.receive(T4CTTIfun.java:888)
	at oracle.jdbc.driver.T4CTTIfun.doRPC(T4CTTIfun.java:443)
	at oracle.jdbc.driver.T4C7Ocommoncall.doOLOGOFF(T4C7Ocommoncall.java:69)
	at oracle.jdbc.driver.T4CConnection.logoff(T4CConnection.java:2069)
	... 7 more
2026-01-08 01:04:05.809 - Disconnected (oracle_thin-19a51d6e837-5098617506d18626)
2026-01-08 10:16:28.778 - Connect with 'xe' (oracle_thin-19a51d6e837-5098617506d18626)
2026-01-08 10:16:28.779 - Execution context opened (xe; Main; 4)
2026-01-08 10:16:28.965 - Execution context opened (xe; Metadata; 5)
2026-01-08 10:16:29.181 - Connected (oracle_thin-19a51d6e837-5098617506d18626, Oracle JDBC driver [23.2.0.0.0])
2026-01-08 10:16:29.186 - Execution context opened (xe; SQLEditor <Script.sql>; 6)
2026-01-08 10:16:29.208 - Execution context opened (xe; SQLEditor <Script.sql>; 7)
2026-01-08 10:47:25.574 - SWT resource leak detected
java.lang.Error: SWT Resource was not properly disposed
	at org.eclipse.swt.graphics.Resource.initNonDisposeTracking(Resource.java:191)
	at org.eclipse.swt.graphics.Resource.<init>(Resource.java:124)
	at org.eclipse.swt.graphics.Image.<init>(Image.java:287)
	at org.jkiss.dbeaver.ui.editors.sql.SQLEditor.refreshEditorIconAndTitle(SQLEditor.java:3323)
	at org.jkiss.dbeaver.ui.editors.sql.SQLEditor.onDataSourceChange(SQLEditor.java:3233)
	at org.jkiss.dbeaver.ui.editors.sql.SQLEditor.onDataSourceChange(SQLEditor.java:3207)
	at org.jkiss.dbeaver.ui.UIExecutionQueue.executeInUI(UIExecutionQueue.java:88)
	at org.eclipse.swt.widgets.RunnableLock.run(RunnableLock.java:40)
	at org.eclipse.swt.widgets.Synchronizer.runAsyncMessages(Synchronizer.java:132)
	at org.eclipse.swt.widgets.Display.runAsyncMessages(Display.java:4137)
	at org.eclipse.swt.widgets.Display.readAndDispatch(Display.java:3753)
	at org.eclipse.e4.ui.internal.workbench.swt.PartRenderingEngine$5.run(PartRenderingEngine.java:1147)
	at org.eclipse.core.databinding.observable.Realm.runWithDefault(Realm.java:339)
	at org.eclipse.e4.ui.internal.workbench.swt.PartRenderingEngine.run(PartRenderingEngine.java:1038)
	at org.eclipse.e4.ui.internal.workbench.E4Workbench.createAndRunUI(E4Workbench.java:153)
	at org.eclipse.ui.internal.Workbench.lambda$3(Workbench.java:677)
	at org.eclipse.core.databinding.observable.Realm.runWithDefault(Realm.java:339)
	at org.eclipse.ui.internal.Workbench.createAndRunWorkbench(Workbench.java:583)
	at org.eclipse.ui.PlatformUI.createAndRunWorkbench(PlatformUI.java:173)
	at org.jkiss.dbeaver.ui.app.standalone.DBeaverApplication.start(DBeaverApplication.java:313)
	at org.eclipse.equinox.internal.app.EclipseAppHandle.run(EclipseAppHandle.java:219)
	at org.eclipse.core.runtime.internal.adaptor.EclipseAppLauncher.runApplication(EclipseAppLauncher.java:149)
	at org.eclipse.core.runtime.internal.adaptor.EclipseAppLauncher.start(EclipseAppLauncher.java:115)
	at org.eclipse.core.runtime.adaptor.EclipseStarter.run(EclipseStarter.java:467)
	at org.eclipse.core.runtime.adaptor.EclipseStarter.run(EclipseStarter.java:298)
	at java.base/jdk.internal.reflect.DirectMethodHandleAccessor.invoke(DirectMethodHandleAccessor.java:103)
	at java.base/java.lang.reflect.Method.invoke(Method.java:580)
	at org.jkiss.dbeaver.launcher.DBeaverLauncher.invokeFramework(DBeaverLauncher.java:924)
	at org.jkiss.dbeaver.launcher.DBeaverLauncher.basicRun(DBeaverLauncher.java:658)
	at org.jkiss.dbeaver.launcher.DBeaverLauncher.run(DBeaverLauncher.java:1693)
2026-01-08 10:47:34.820 - Execution context opened (xe; SQLEditor <comments.sql>; 8)
2026-01-08 10:47:38.276 - SQL Error [6550] [65000]: ORA-06550: 줄 10, 열1:PLS-00103: 심볼 "/"를 만났습니다 

org.jkiss.dbeaver.model.sql.DBSQLException: SQL Error [6550] [65000]: ORA-06550: 줄 10, 열1:PLS-00103: 심볼 "/"를 만났습니다 

	at org.jkiss.dbeaver.model.impl.jdbc.exec.JDBCStatementImpl.executeStatement(JDBCStatementImpl.java:136)
	at org.jkiss.dbeaver.ui.editors.sql.execute.SQLQueryJob.executeStatement(SQLQueryJob.java:694)
	at org.jkiss.dbeaver.ui.editors.sql.execute.SQLQueryJob.lambda$2(SQLQueryJob.java:587)
	at org.jkiss.dbeaver.model.exec.DBExecUtils.tryExecuteRecover(DBExecUtils.java:189)
	at org.jkiss.dbeaver.ui.editors.sql.execute.SQLQueryJob.executeSingleElement(SQLQueryJob.java:606)
	at org.jkiss.dbeaver.ui.editors.sql.execute.SQLQueryJob.executeSingleQuery(SQLQueryJob.java:468)
	at org.jkiss.dbeaver.ui.editors.sql.execute.SQLQueryJob.extractData(SQLQueryJob.java:1079)
	at org.jkiss.dbeaver.ui.editors.sql.SQLEditor$QueryResultsContainer.readData(SQLEditor.java:4578)
	at org.jkiss.dbeaver.ui.controls.resultset.ResultSetJobDataRead.lambda$0(ResultSetJobDataRead.java:128)
	at org.jkiss.dbeaver.model.exec.DBExecUtils.tryExecuteRecover(DBExecUtils.java:189)
	at org.jkiss.dbeaver.ui.controls.resultset.ResultSetJobDataRead.run(ResultSetJobDataRead.java:126)
	at org.jkiss.dbeaver.ui.controls.resultset.ResultSetViewer$ResultSetDataPumpJob.run(ResultSetViewer.java:5210)
	at org.jkiss.dbeaver.model.runtime.AbstractJob.run(AbstractJob.java:119)
	at org.eclipse.core.internal.jobs.Worker.run(Worker.java:63)
Caused by: java.sql.SQLException: ORA-06550: 줄 10, 열1:PLS-00103: 심볼 "/"를 만났습니다 

	at oracle.jdbc.driver.T4CTTIoer11.processError(T4CTTIoer11.java:702)
	at oracle.jdbc.driver.T4CTTIoer11.processError(T4CTTIoer11.java:608)
	at oracle.jdbc.driver.T4C8Oall.processError(T4C8Oall.java:1335)
	at oracle.jdbc.driver.T4CTTIfun.receive(T4CTTIfun.java:1041)
	at oracle.jdbc.driver.T4CTTIfun.doRPC(T4CTTIfun.java:443)
	at oracle.jdbc.driver.T4C8Oall.doOALL(T4C8Oall.java:533)
	at oracle.jdbc.driver.T4CStatement.doOall8(T4CStatement.java:176)
	at oracle.jdbc.driver.T4CStatement.executeForRows(T4CStatement.java:1305)
	at oracle.jdbc.driver.OracleStatement.executeSQLStatement(OracleStatement.java:1877)
	at oracle.jdbc.driver.OracleStatement.doExecuteWithTimeout(OracleStatement.java:1520)
	at oracle.jdbc.driver.OracleStatement.executeInternal(OracleStatement.java:2557)
	at oracle.jdbc.driver.OracleStatement.execute(OracleStatement.java:2506)
	at oracle.jdbc.driver.OracleStatementWrapper.execute(OracleStatementWrapper.java:334)
	at org.jkiss.dbeaver.model.impl.jdbc.exec.JDBCStatementImpl.execute(JDBCStatementImpl.java:332)
	at org.jkiss.dbeaver.model.impl.jdbc.exec.JDBCStatementImpl.executeStatement(JDBCStatementImpl.java:134)
	... 13 more
Caused by: Error : 6550, Position : 295, SQL = -- Migration: add posts/comments tables and user counters

-- Add counters to users if missing
BEGIN
  EXECUTE IMMEDIATE 'ALTER TABLE users ADD (post_count NUMBER DEFAULT 0)';
EXCEPTION
  WHEN OTHERS THEN
    IF SQLCODE != -1430 THEN RAISE; END IF; -- ignore column already exists
END;
/
BEGIN
  EXECUTE IMMEDIATE 'ALTER TABLE users ADD (comment_count NUMBER DEFAULT 0)';
EXCEPTION
  WHEN OTHERS THEN
    IF SQLCODE != -1430 THEN RAISE; END IF;
END;
/
-- Create posts table
BEGIN
  EXECUTE IMMEDIATE '
    CREATE TABLE posts (
      id VARCHAR2(36) PRIMARY KEY,
      author_id VARCHAR2(50),
      content CLOB,
      created_at VARCHAR2(50)
    )'
; EXCEPTION WHEN OTHERS THEN NULL; END;
/
-- Create comments table
BEGIN
  EXECUTE IMMEDIATE '
    CREATE TABLE comments (
      id VARCHAR2(36) PRIMARY KEY,
      post_id VARCHAR2(36),
      author_id VARCHAR2(50),
      content CLOB,
      created_at VARCHAR2(50)
    )'
; EXCEPTION WHEN OTHERS THEN NULL; END;
/
-- Note: adjust privileges and run as a DBA if needed.
, Original SQL = -- Migration: add posts/comments tables and user counters

-- Add counters to users if missing
BEGIN
  EXECUTE IMMEDIATE 'ALTER TABLE users ADD (post_count NUMBER DEFAULT 0)';
EXCEPTION
  WHEN OTHERS THEN
    IF SQLCODE != -1430 THEN RAISE; END IF; -- ignore column already exists
END;
/
BEGIN
  EXECUTE IMMEDIATE 'ALTER TABLE users ADD (comment_count NUMBER DEFAULT 0)';
EXCEPTION
  WHEN OTHERS THEN
    IF SQLCODE != -1430 THEN RAISE; END IF;
END;
/
-- Create posts table
BEGIN
  EXECUTE IMMEDIATE '
    CREATE TABLE posts (
      id VARCHAR2(36) PRIMARY KEY,
      author_id VARCHAR2(50),
      content CLOB,
      created_at VARCHAR2(50)
    )'
; EXCEPTION WHEN OTHERS THEN NULL; END;
/
-- Create comments table
BEGIN
  EXECUTE IMMEDIATE '
    CREATE TABLE comments (
      id VARCHAR2(36) PRIMARY KEY,
      post_id VARCHAR2(36),
      author_id VARCHAR2(50),
      content CLOB,
      created_at VARCHAR2(50)
    )'
; EXCEPTION WHEN OTHERS THEN NULL; END;
/
-- Note: adjust privileges and run as a DBA if needed.
, Error Message = ORA-06550: 줄 10, 열1:PLS-00103: 심볼 "/"를 만났습니다 

	at oracle.jdbc.driver.T4CTTIoer11.processError(T4CTTIoer11.java:710)
	... 27 more
2026-01-08 10:47:51.920 - Event loop exception
java.lang.IllegalArgumentException: Index out of bounds
	at org.eclipse.swt.SWT.error(SWT.java:4931)
	at org.eclipse.swt.SWT.error(SWT.java:4865)
	at org.eclipse.swt.SWT.error(SWT.java:4836)
	at org.eclipse.swt.custom.StyledText.getTextBounds(StyledText.java:4945)
	at org.jkiss.dbeaver.ui.editors.sql.util.AnnotationsInformationView.show(AnnotationsInformationView.java:205)
	at org.jkiss.dbeaver.ui.editors.sql.util.SQLAnnotationHover$LinkListInformationControl.setVisible(SQLAnnotationHover.java:255)
	at org.eclipse.jface.text.AbstractInformationControlManager.showInformationControl(AbstractInformationControlManager.java:1275)
	at org.eclipse.jface.text.TextViewerHoverManager.showInformationControl(TextViewerHoverManager.java:280)
	at org.eclipse.jface.text.AbstractInformationControlManager.internalShowInformationControl(AbstractInformationControlManager.java:1225)
	at org.eclipse.jface.text.AbstractInformationControlManager.presentInformation(AbstractInformationControlManager.java:1147)
	at org.eclipse.jface.text.AbstractHoverInformationControlManager.presentInformation(AbstractHoverInformationControlManager.java:903)
	at org.eclipse.jface.text.TextViewerHoverManager.doPresentInformation(TextViewerHoverManager.java:242)
	at org.eclipse.jface.text.TextViewerHoverManager.lambda$3(TextViewerHoverManager.java:232)
	at org.eclipse.swt.widgets.RunnableLock.run(RunnableLock.java:40)
	at org.eclipse.swt.widgets.Synchronizer.runAsyncMessages(Synchronizer.java:132)
	at org.eclipse.swt.widgets.Display.runAsyncMessages(Display.java:4137)
	at org.eclipse.swt.widgets.Display.readAndDispatch(Display.java:3753)
	at org.eclipse.e4.ui.internal.workbench.swt.PartRenderingEngine$5.run(PartRenderingEngine.java:1147)
	at org.eclipse.core.databinding.observable.Realm.runWithDefault(Realm.java:339)
	at org.eclipse.e4.ui.internal.workbench.swt.PartRenderingEngine.run(PartRenderingEngine.java:1038)
	at org.eclipse.e4.ui.internal.workbench.E4Workbench.createAndRunUI(E4Workbench.java:153)
	at org.eclipse.ui.internal.Workbench.lambda$3(Workbench.java:677)
	at org.eclipse.core.databinding.observable.Realm.runWithDefault(Realm.java:339)
	at org.eclipse.ui.internal.Workbench.createAndRunWorkbench(Workbench.java:583)
	at org.eclipse.ui.PlatformUI.createAndRunWorkbench(PlatformUI.java:173)
	at org.jkiss.dbeaver.ui.app.standalone.DBeaverApplication.start(DBeaverApplication.java:313)
	at org.eclipse.equinox.internal.app.EclipseAppHandle.run(EclipseAppHandle.java:219)
	at org.eclipse.core.runtime.internal.adaptor.EclipseAppLauncher.runApplication(EclipseAppLauncher.java:149)
	at org.eclipse.core.runtime.internal.adaptor.EclipseAppLauncher.start(EclipseAppLauncher.java:115)
	at org.eclipse.core.runtime.adaptor.EclipseStarter.run(EclipseStarter.java:467)
	at org.eclipse.core.runtime.adaptor.EclipseStarter.run(EclipseStarter.java:298)
	at java.base/jdk.internal.reflect.DirectMethodHandleAccessor.invoke(DirectMethodHandleAccessor.java:103)
	at java.base/java.lang.reflect.Method.invoke(Method.java:580)
	at org.jkiss.dbeaver.launcher.DBeaverLauncher.invokeFramework(DBeaverLauncher.java:924)
	at org.jkiss.dbeaver.launcher.DBeaverLauncher.basicRun(DBeaverLauncher.java:658)
	at org.jkiss.dbeaver.launcher.DBeaverLauncher.run(DBeaverLauncher.java:1693)
2026-01-08 10:48:29.678 - org.jkiss.dbeaver.model.sql.DBSQLException: SQL Error [900] [42000]: ORA-00900: SQL 문이 부적합합니다

	at org.jkiss.dbeaver.model.impl.jdbc.exec.JDBCStatementImpl.executeStatement(JDBCStatementImpl.java:136)
	at org.jkiss.dbeaver.ui.editors.sql.execute.SQLQueryJob.executeStatement(SQLQueryJob.java:694)
	at org.jkiss.dbeaver.ui.editors.sql.execute.SQLQueryJob.lambda$2(SQLQueryJob.java:587)
	at org.jkiss.dbeaver.model.exec.DBExecUtils.tryExecuteRecover(DBExecUtils.java:189)
	at org.jkiss.dbeaver.ui.editors.sql.execute.SQLQueryJob.executeSingleElement(SQLQueryJob.java:606)
	at org.jkiss.dbeaver.ui.editors.sql.execute.SQLQueryJob.executeSingleQuery(SQLQueryJob.java:468)
	at org.jkiss.dbeaver.ui.editors.sql.execute.SQLQueryJob.run(SQLQueryJob.java:248)
	at org.jkiss.dbeaver.model.runtime.AbstractJob.run(AbstractJob.java:119)
	at org.eclipse.core.internal.jobs.Worker.run(Worker.java:63)
Caused by: java.sql.SQLSyntaxErrorException: ORA-00900: SQL 문이 부적합합니다

	at oracle.jdbc.driver.T4CTTIoer11.processError(T4CTTIoer11.java:702)
	at oracle.jdbc.driver.T4CTTIoer11.processError(T4CTTIoer11.java:608)
	at oracle.jdbc.driver.T4C8Oall.processError(T4C8Oall.java:1335)
	at oracle.jdbc.driver.T4CTTIfun.receive(T4CTTIfun.java:1041)
	at oracle.jdbc.driver.T4CTTIfun.doRPC(T4CTTIfun.java:443)
	at oracle.jdbc.driver.T4C8Oall.doOALL(T4C8Oall.java:533)
	at oracle.jdbc.driver.T4CStatement.doOall8(T4CStatement.java:176)
	at oracle.jdbc.driver.T4CStatement.executeForRows(T4CStatement.java:1305)
	at oracle.jdbc.driver.OracleStatement.executeSQLStatement(OracleStatement.java:1877)
	at oracle.jdbc.driver.OracleStatement.doExecuteWithTimeout(OracleStatement.java:1520)
	at oracle.jdbc.driver.OracleStatement.executeInternal(OracleStatement.java:2557)
	at oracle.jdbc.driver.OracleStatement.execute(OracleStatement.java:2506)
	at oracle.jdbc.driver.OracleStatementWrapper.execute(OracleStatementWrapper.java:334)
	at org.jkiss.dbeaver.model.impl.jdbc.exec.JDBCStatementImpl.execute(JDBCStatementImpl.java:332)
	at org.jkiss.dbeaver.model.impl.jdbc.exec.JDBCStatementImpl.executeStatement(JDBCStatementImpl.java:134)
	... 8 more
Caused by: Error : 900, Position : 0, SQL = /
BEGIN
  EXECUTE IMMEDIATE 'ALTER TABLE users ADD (comment_count NUMBER DEFAULT 0)';
EXCEPTION
  WHEN OTHERS THEN
    IF SQLCODE != -1430 THEN RAISE; END IF;
END;, Original SQL = /
BEGIN
  EXECUTE IMMEDIATE 'ALTER TABLE users ADD (comment_count NUMBER DEFAULT 0)';
EXCEPTION
  WHEN OTHERS THEN
    IF SQLCODE != -1430 THEN RAISE; END IF;
END;, Error Message = ORA-00900: SQL 문이 부적합합니다

	at oracle.jdbc.driver.T4CTTIoer11.processError(T4CTTIoer11.java:710)
	... 22 more
2026-01-08 14:50:01.841 - Error closing connection
java.sql.SQLRecoverableException: ORA-17002: IO 오류: Connection reset
	at oracle.jdbc.driver.T4CConnection.logoff(T4CConnection.java:2079)
	at oracle.jdbc.driver.PhysicalConnection.close(PhysicalConnection.java:2954)
	at oracle.jdbc.driver.T4CConnection.close(T4CConnection.java:11659)
	at org.jkiss.dbeaver.model.impl.jdbc.JDBCDataSource.lambda$1(JDBCDataSource.java:426)
	at org.jkiss.dbeaver.utils.RuntimeUtils$MonitoringTask.run(RuntimeUtils.java:767)
	at org.jkiss.dbeaver.utils.RuntimeUtils$1.run(RuntimeUtils.java:269)
	at org.jkiss.dbeaver.model.runtime.AbstractJob.run(AbstractJob.java:119)
	at org.eclipse.core.internal.jobs.Worker.run(Worker.java:63)
Caused by: java.net.SocketException: Connection reset
	at java.base/sun.nio.ch.SocketChannelImpl.throwConnectionReset(SocketChannelImpl.java:401)
	at java.base/sun.nio.ch.SocketChannelImpl.read(SocketChannelImpl.java:434)
	at oracle.net.nt.TimeoutSocketChannel.readFromSocket(TimeoutSocketChannel.java:743)
	at oracle.net.nt.TimeoutSocketChannel.read(TimeoutSocketChannel.java:496)
	at oracle.net.ns.NSProtocolNIO.doSocketRead(NSProtocolNIO.java:1222)
	at oracle.net.ns.NIOPacket.readHeader(NIOPacket.java:271)
	at oracle.net.ns.NIOPacket.readPacketFromSocketChannel(NIOPacket.java:204)
	at oracle.net.ns.NIOPacket.readFromSocketChannel(NIOPacket.java:147)
	at oracle.net.ns.NIOPacket.readFromSocketChannel(NIOPacket.java:120)
	at oracle.net.ns.NIONSDataChannel.readDataFromSocketChannel(NIONSDataChannel.java:104)
	at oracle.jdbc.driver.T4CMAREngineNIO.prepareForUnmarshall(T4CMAREngineNIO.java:875)
	at oracle.jdbc.driver.T4CMAREngineNIO.unmarshalUB1(T4CMAREngineNIO.java:446)
	at oracle.jdbc.driver.T4CTTIfun.receive(T4CTTIfun.java:888)
	at oracle.jdbc.driver.T4CTTIfun.doRPC(T4CTTIfun.java:443)
	at oracle.jdbc.driver.T4C7Ocommoncall.doOLOGOFF(T4C7Ocommoncall.java:69)
	at oracle.jdbc.driver.T4CConnection.logoff(T4CConnection.java:2069)
	... 7 more
2026-01-08 14:50:01.888 - Execution context closed (xe, 4)
2026-01-08 14:50:01.900 - Execution context closed (xe, 5)
2026-01-08 14:50:01.903 - Error closing connection
java.sql.SQLRecoverableException: ORA-17002: IO 오류: Connection reset
	at oracle.jdbc.driver.T4CConnection.logoff(T4CConnection.java:2079)
	at oracle.jdbc.driver.PhysicalConnection.close(PhysicalConnection.java:2954)
	at oracle.jdbc.driver.T4CConnection.close(T4CConnection.java:11659)
	at org.jkiss.dbeaver.model.impl.jdbc.JDBCDataSource.lambda$1(JDBCDataSource.java:426)
	at org.jkiss.dbeaver.utils.RuntimeUtils$MonitoringTask.run(RuntimeUtils.java:767)
	at org.jkiss.dbeaver.utils.RuntimeUtils$1.run(RuntimeUtils.java:269)
	at org.jkiss.dbeaver.model.runtime.AbstractJob.run(AbstractJob.java:119)
	at org.eclipse.core.internal.jobs.Worker.run(Worker.java:63)
Caused by: java.net.SocketException: Connection reset
	at java.base/sun.nio.ch.SocketChannelImpl.throwConnectionReset(SocketChannelImpl.java:401)
	at java.base/sun.nio.ch.SocketChannelImpl.read(SocketChannelImpl.java:434)
	at oracle.net.nt.TimeoutSocketChannel.readFromSocket(TimeoutSocketChannel.java:743)
	at oracle.net.nt.TimeoutSocketChannel.doSelectForRead(TimeoutSocketChannel.java:604)
	at oracle.net.nt.TimeoutSocketChannel.read(TimeoutSocketChannel.java:501)
	at oracle.net.ns.NSProtocolNIO.doSocketRead(NSProtocolNIO.java:1222)
	at oracle.net.ns.NIOPacket.readHeader(NIOPacket.java:271)
	at oracle.net.ns.NIOPacket.readPacketFromSocketChannel(NIOPacket.java:204)
	at oracle.net.ns.NIOPacket.readFromSocketChannel(NIOPacket.java:147)
	at oracle.net.ns.NIOPacket.readFromSocketChannel(NIOPacket.java:120)
	at oracle.net.ns.NIONSDataChannel.readDataFromSocketChannel(NIONSDataChannel.java:104)
	at oracle.jdbc.driver.T4CMAREngineNIO.prepareForUnmarshall(T4CMAREngineNIO.java:875)
	at oracle.jdbc.driver.T4CMAREngineNIO.unmarshalUB1(T4CMAREngineNIO.java:446)
	at oracle.jdbc.driver.T4CTTIfun.receive(T4CTTIfun.java:888)
	at oracle.jdbc.driver.T4CTTIfun.doRPC(T4CTTIfun.java:443)
	at oracle.jdbc.driver.T4C7Ocommoncall.doOLOGOFF(T4C7Ocommoncall.java:69)
	at oracle.jdbc.driver.T4CConnection.logoff(T4CConnection.java:2069)
	... 7 more
2026-01-08 14:50:01.911 - Execution context closed (xe, 6)
2026-01-08 14:50:01.913 - Error closing connection
java.sql.SQLRecoverableException: ORA-17002: IO 오류: Connection reset
	at oracle.jdbc.driver.T4CConnection.logoff(T4CConnection.java:2079)
	at oracle.jdbc.driver.PhysicalConnection.close(PhysicalConnection.java:2954)
	at oracle.jdbc.driver.T4CConnection.close(T4CConnection.java:11659)
	at org.jkiss.dbeaver.model.impl.jdbc.JDBCDataSource.lambda$1(JDBCDataSource.java:426)
	at org.jkiss.dbeaver.utils.RuntimeUtils$MonitoringTask.run(RuntimeUtils.java:767)
	at org.jkiss.dbeaver.utils.RuntimeUtils$1.run(RuntimeUtils.java:269)
	at org.jkiss.dbeaver.model.runtime.AbstractJob.run(AbstractJob.java:119)
	at org.eclipse.core.internal.jobs.Worker.run(Worker.java:63)
Caused by: java.net.SocketException: Connection reset
	at java.base/sun.nio.ch.SocketChannelImpl.throwConnectionReset(SocketChannelImpl.java:401)
	at java.base/sun.nio.ch.SocketChannelImpl.read(SocketChannelImpl.java:434)
	at oracle.net.nt.TimeoutSocketChannel.readFromSocket(TimeoutSocketChannel.java:743)
	at oracle.net.nt.TimeoutSocketChannel.doSelectForRead(TimeoutSocketChannel.java:604)
	at oracle.net.nt.TimeoutSocketChannel.read(TimeoutSocketChannel.java:501)
	at oracle.net.ns.NSProtocolNIO.doSocketRead(NSProtocolNIO.java:1222)
	at oracle.net.ns.NIOPacket.readHeader(NIOPacket.java:271)
	at oracle.net.ns.NIOPacket.readPacketFromSocketChannel(NIOPacket.java:204)
	at oracle.net.ns.NIOPacket.readFromSocketChannel(NIOPacket.java:147)
	at oracle.net.ns.NIOPacket.readFromSocketChannel(NIOPacket.java:120)
	at oracle.net.ns.NIONSDataChannel.readDataFromSocketChannel(NIONSDataChannel.java:104)
	at oracle.jdbc.driver.T4CMAREngineNIO.prepareForUnmarshall(T4CMAREngineNIO.java:875)
	at oracle.jdbc.driver.T4CMAREngineNIO.unmarshalUB1(T4CMAREngineNIO.java:446)
	at oracle.jdbc.driver.T4CTTIfun.receive(T4CTTIfun.java:888)
	at oracle.jdbc.driver.T4CTTIfun.doRPC(T4CTTIfun.java:443)
	at oracle.jdbc.driver.T4C7Ocommoncall.doOLOGOFF(T4C7Ocommoncall.java:69)
	at oracle.jdbc.driver.T4CConnection.logoff(T4CConnection.java:2069)
	... 7 more
2026-01-08 14:50:01.922 - Execution context closed (xe, 7)
2026-01-08 14:50:01.933 - Execution context closed (xe, 8)
2026-01-08 14:50:01.933 - Disconnected (oracle_thin-19a51d6e837-5098617506d18626)
2026-01-08 18:09:17.946 - Dispose navigator model
2026-01-08 18:09:17.972 - DBeaver is stopping
2026-01-08 18:09:17.974 - Stop instance server
2026-01-08 18:09:18.979 - Instance server has been stopped
2026-01-08 18:09:18.980 - DBeaver shutdown completed
