2026-01-16 11:57:07.175 - DBeaver 25.3.0.202511301802 is starting
2026-01-16 11:57:07.176 - OS: Windows 10 10.0 (amd64)
2026-01-16 11:57:07.177 - Java version: 21.0.8 by Eclipse Adoptium (64bit)
2026-01-16 11:57:07.177 - Install path: 'C:\Users\soldesk\AppData\Local\DBeaver'
2026-01-16 11:57:07.177 - Instance path: 'file:/C:/Users/soldesk/AppData/Roaming/DBeaverData/workspace6/'
2026-01-16 11:57:07.178 - Memory available 64Mb/1024Mb
2026-01-16 11:57:07.192 - Create display
2026-01-16 11:57:07.345 - Initialize desktop platform...
2026-01-16 11:57:07.483 - BounceCastle bundle found. Use JCE provider BC
> Start Core File Systems [org.eclipse.core.filesystem 1.11.400.v20251107-0507]
> Start Core Resource Management [org.eclipse.core.resources 3.23.100.v20251106-1705]
> Start 팀 지원 핵심 [org.eclipse.team.core 3.10.900.v20251104-0924]
> Start DBeaver UI Navigator [org.jkiss.dbeaver.ui.navigator 1.0.168.202511301802]
2026-01-16 11:57:07.671 - Initialize base platform...
2026-01-16 11:57:07.683 - Platform initialized (338ms)
2026-01-16 11:57:07.829 - Starting instance server at http://localhost:62500
2026-01-16 11:57:07.835 - Run workbench
> Start Eclipse e4 작업영역 SWT [org.eclipse.e4.ui.workbench.swt 0.17.1000.v20251023-0611]
> Start Eclipse Application Services [org.eclipse.e4.core.services 2.5.300.v20251112-1253]
> Start Eclipse UI Application Services [org.eclipse.e4.ui.services 1.6.600.v20251023-1358]
> Start Eclipse e4 Progress View [org.eclipse.e4.ui.progress 0.4.900.v20251023-1511]
> Start Eclipse Bindings Support [org.eclipse.e4.ui.bindings 0.14.800.v20250916-0937]
> Start Eclipse e4 core commands [org.eclipse.e4.core.commands 1.1.700.v20250916-0927]
> Start EMF XML/XMI Persistence [org.eclipse.emf.ecore.xmi 2.39.0.v20250910-1205]
> Start Eclipse CSS SWT Theme Support [org.eclipse.e4.ui.css.swt.theme 0.14.600.v20251023-0615]
> Start Eclipse e4 작업영역 기능 추가 [org.eclipse.e4.ui.workbench.addons.swt 1.5.900.v20251007-0832]
Warning: NLS unused message: WorkbenchPreference_reuseEditorsThreshold in: org.eclipse.ui.internal.messages
Warning: NLS unused message: 이유 in: org.eclipse.ui.internal.messages
> Start Eclipse e4 작업영역 SWT 렌더러 [org.eclipse.e4.ui.workbench.renderers.swt 0.16.1000.v20251114-0005]
> Start Eclipse Dependency Injection Extensions [org.eclipse.e4.core.di.extensions 0.18.300.v20240413-1529]
> Start DBeaver AI Model [org.jkiss.dbeaver.model.ai 2.0.11.202511301802]
> Start DBeaver AI UI [org.jkiss.dbeaver.ui.ai 1.0.70.202511301802]
> Start Eclipse CSS SWT Support [org.eclipse.e4.ui.css.swt 0.15.700.v20251023-1511]
> Start JFace 텍스트 [org.eclipse.jface.text 3.29.0.v20251112-0859]
> Start 기본 문서 편집기 [org.eclipse.ui.editors 3.20.200.v20251103-1510]
> Start 텍스트 편집기 프레임워크 [org.eclipse.ui.workbench.texteditor 3.19.400.v20251105-0815]
2026-01-16 11:57:09.483 - Configure workbench window
> Start DBeaver SQL Model [org.jkiss.dbeaver.model.sql 1.0.158.202511301802]
2026-01-16 11:57:09.630 - Total database drivers: 127 (127)
> Start 도움말 시스템 코어 [org.eclipse.help 3.10.600.v20250613-0437]
2026-01-16 11:57:09.705 - Create actions
2026-01-16 11:57:10.239 - Initialize workbench window
2026-01-16 11:57:10.251 - Finish initialization
> Start DBeaver UI Editors - Data [org.jkiss.dbeaver.ui.editors.data 1.0.168.202511301802]
> Start DBeaver UI Editors - SQL [org.jkiss.dbeaver.ui.editors.sql 1.0.168.202511301802]
Warning: NLS unused message: FindReplace_RegExCheckbox_label in: org.eclipse.ui.texteditor.EditorMessages
Warning: NLS unused message: FindReplace_WrapCheckBox_label in: org.eclipse.ui.texteditor.EditorMessages
Warning: NLS unused message: FindReplace_IncrementalCheckBox_label in: org.eclipse.ui.texteditor.EditorMessages
Warning: NLS unused message: FindReplace_Options in: org.eclipse.ui.texteditor.EditorMessages
Warning: NLS unused message: FindReplace_ReplaceSelectionButton_label in: org.eclipse.ui.texteditor.EditorMessages
Warning: NLS unused message: FindReplace_SelectedRangeRadioButton_label in: org.eclipse.ui.texteditor.EditorMessages
Warning: NLS unused message: FindReplace_SelectAllButton_label in: org.eclipse.ui.texteditor.EditorMessages
Warning: NLS unused message: FindReplace_GlobalRadioButton_label in: org.eclipse.ui.texteditor.EditorMessages
Warning: NLS unused message: FindReplace_WholeWordCheckBox_label in: org.eclipse.ui.texteditor.EditorMessages
Warning: NLS unused message: FindReplace_ReplaceFindButton_label in: org.eclipse.ui.texteditor.EditorMessages
Warning: NLS unused message: FindReplace_BackwardRadioButton_label in: org.eclipse.ui.texteditor.EditorMessages
Warning: NLS unused message: FindReplace_CloseButton_label in: org.eclipse.ui.texteditor.EditorMessages
Warning: NLS unused message: FindReplace_Replace_label in: org.eclipse.ui.texteditor.EditorMessages
Warning: NLS unused message: FindReplace_CaseCheckBox_label in: org.eclipse.ui.texteditor.EditorMessages
Warning: NLS unused message: FindReplace_Status_replacements_label in: org.eclipse.ui.texteditor.EditorMessages
Warning: NLS unused message: FindReplace_title in: org.eclipse.ui.texteditor.EditorMessages
Warning: NLS unused message: FindReplace_Direction in: org.eclipse.ui.texteditor.EditorMessages
Warning: NLS unused message: FindReplace_ReplaceAllButton_label in: org.eclipse.ui.texteditor.EditorMessages
Warning: NLS unused message: FindReplace_Scope in: org.eclipse.ui.texteditor.EditorMessages
Warning: NLS unused message: FindReplace_Find_label in: org.eclipse.ui.texteditor.EditorMessages
Warning: NLS unused message: FindReplace_ForwardRadioButton_label in: org.eclipse.ui.texteditor.EditorMessages
Warning: NLS unused message: FindReplace_FindNextButton_label in: org.eclipse.ui.texteditor.EditorMessages
> Start DBeaver SQL Terminal [org.jkiss.dbeaver.ui.editors.sql.terminal 1.0.144.202511301802]
> Start 핵심 비교 지원 [org.eclipse.compare.core 3.8.800.v20250718-1505]
> Start Equinox Java Authentication and Authorization Service (JAAS) [org.eclipse.equinox.security 1.4.700.v20250622-1644]
> Start 인터넷 연결 관리 사용자 인터페이스 [org.eclipse.ui.net 1.5.500.v20250611-0855]
> Start Internet Connection Management [org.eclipse.core.net 1.5.800.v20250613-1119]
> Start DBeaver Sample Database [org.jkiss.dbeaver.ui.config.sample 1.0.205.202511301802]
2026-01-16 11:57:12.461 - Open [https://dbeaver.io/product/version.xml]
> Start DBeaver Dashboard UI [org.jkiss.dbeaver.ui.dashboard 1.0.165.202511301802]
> Start GEF Classic Draw2d [org.eclipse.draw2d 3.21.0.202511181644]
> Start GEF Classic GEF (MVC) [org.eclipse.gef 3.24.0.202511140645]
> Start DBeaver ERD UI [org.jkiss.dbeaver.ui.editors.erd 3.1.9.202511301802]
> Start DBeaver ERD Model [org.jkiss.dbeaver.model.erd 1.1.9.202511301802]
> Start DBeaver JDBC Model [org.jkiss.dbeaver.model.jdbc 1.0.61.202511301802]
> Start DBeaver Oracle Model [org.jkiss.dbeaver.ext.oracle 2.1.253.202511301802]
> Start 콘솔 [org.eclipse.ui.console 3.15.0.v20251113-1013]
> Start 디버그 핵심 [org.eclipse.debug.core 3.23.200.v20251107-0507]
> Start DBeaver Tasks - Native Tools UI [org.jkiss.dbeaver.tasks.native.ui 1.0.146.202511301802]
> Start DBeaver Oracle UI [org.jkiss.dbeaver.ext.oracle.ui 1.0.155.202511301802]
> Start DBeaver Tasks - General UI [org.jkiss.dbeaver.tasks.ui 1.0.146.202511301802]
2026-01-16 11:57:13.617 - Connect with 'xe' (oracle_thin-19a51d6e837-5098617506d18626)
2026-01-16 11:57:13.645 - Execution context opened (xe; Main; 0)
> Start DBeaver SQL Language Semantic Model [org.jkiss.dbeaver.model.lsm 1.0.63.202511301802]
> Start Data Transfer UI [org.jkiss.dbeaver.data.transfer.ui 1.0.152.202511301802]
2026-01-16 11:57:21.961 - Service 'org.jkiss.dbeaver.ui.UIServiceConnectionEditor' not found
2026-01-16 11:57:22.014 - Service 'org.jkiss.dbeaver.runtime.ui.UIServiceSecurity' not found
2026-01-16 11:57:35.081 - ORA-12541: 데이터베이스에 접속할 수 없습니다. %s에 리스너가 없습니다. (CONNECTION_ID=dTgBXxWJTTyMQLFO9bqetg==)
oracle.net.ns.NetException: ORA-12541: 데이터베이스에 접속할 수 없습니다. %s에 리스너가 없습니다. (CONNECTION_ID=dTgBXxWJTTyMQLFO9bqetg==)
	at oracle.net.nt.TcpNTAdapter.establishSocket(TcpNTAdapter.java:312)
	at oracle.net.nt.TcpNTAdapter.connect(TcpNTAdapter.java:223)
	at oracle.net.nt.ConnOption.connect(ConnOption.java:259)
	at oracle.net.nt.ConnStrategy.executeConnOption(ConnStrategy.java:1076)
	at oracle.net.nt.ConnStrategy.execute(ConnStrategy.java:681)
	at oracle.net.resolver.AddrResolution.resolveAndExecute(AddrResolution.java:688)
	at oracle.net.ns.NSProtocol.establishConnection(NSProtocol.java:935)
	at oracle.net.ns.NSProtocol.connect(NSProtocol.java:323)
	at oracle.jdbc.driver.T4CConnection.connectSession(T4CConnection.java:2882)
	at oracle.jdbc.driver.T4CConnection.logon(T4CConnection.java:811)
	at oracle.jdbc.driver.PhysicalConnection.connect(PhysicalConnection.java:1132)
	at oracle.jdbc.driver.T4CDriverExtension.getConnection(T4CDriverExtension.java:104)
	at oracle.jdbc.driver.OracleDriver.connect(OracleDriver.java:837)
	at oracle.jdbc.driver.OracleDriver.connect(OracleDriver.java:664)
	at org.jkiss.dbeaver.model.impl.jdbc.JDBCConnectionOpener.run(JDBCConnectionOpener.java:112)
	at org.jkiss.dbeaver.model.impl.jdbc.JDBCConnectionOpener.run(JDBCConnectionOpener.java:86)
	at org.jkiss.dbeaver.model.impl.jdbc.JDBCDataSource.openConnection(JDBCDataSource.java:215)
	at org.jkiss.dbeaver.model.impl.jdbc.JDBCDataSource.openConnection(JDBCDataSource.java:133)
	at org.jkiss.dbeaver.ext.oracle.model.OracleDataSource.openConnection(OracleDataSource.java:209)
	at org.jkiss.dbeaver.model.impl.jdbc.JDBCExecutionContext.connect(JDBCExecutionContext.java:124)
	at org.jkiss.dbeaver.model.impl.jdbc.JDBCRemoteInstance.initializeMainContext(JDBCRemoteInstance.java:105)
	at org.jkiss.dbeaver.model.impl.jdbc.JDBCRemoteInstance.<init>(JDBCRemoteInstance.java:60)
	at org.jkiss.dbeaver.model.impl.jdbc.JDBCDataSource.initializeRemoteInstance(JDBCDataSource.java:125)
	at org.jkiss.dbeaver.model.impl.jdbc.JDBCDataSource.<init>(JDBCDataSource.java:109)
	at org.jkiss.dbeaver.model.impl.jdbc.JDBCDataSource.<init>(JDBCDataSource.java:100)
	at org.jkiss.dbeaver.ext.oracle.model.OracleDataSource.<init>(OracleDataSource.java:109)
	at org.jkiss.dbeaver.ext.oracle.OracleDataSourceProvider.openDataSource(OracleDataSourceProvider.java:143)
	at org.jkiss.dbeaver.registry.DataSourceDescriptor.openDataSource(DataSourceDescriptor.java:1369)
	at org.jkiss.dbeaver.registry.DataSourceDescriptor.connect0(DataSourceDescriptor.java:1227)
	at org.jkiss.dbeaver.registry.DataSourceDescriptor.connect(DataSourceDescriptor.java:1061)
	at org.jkiss.dbeaver.runtime.jobs.ConnectJob.run(ConnectJob.java:77)
	at org.jkiss.dbeaver.model.runtime.AbstractJob.run(AbstractJob.java:119)
	at org.eclipse.core.internal.jobs.Worker.run(Worker.java:63)
> Start DBeaver Data Transfer [org.jkiss.dbeaver.data.transfer 2.0.152.202511301802]
2026-01-16 11:57:41.411 - Service 'org.jkiss.dbeaver.ui.UIServiceConnectionEditor' not found
2026-01-16 11:57:41.438 - Service 'org.jkiss.dbeaver.runtime.ui.UIServiceSecurity' not found
2026-01-16 11:57:42.484 - Connect with 'xe' (oracle_thin-19bc4bcbe39-9445566e3f38473)
2026-01-16 11:57:42.485 - Execution context opened (xe; Main; 1)
2026-01-16 11:57:43.271 - Connected (oracle_thin-19bc4bcbe39-9445566e3f38473, Oracle JDBC driver [23.2.0.0.0])
2026-01-16 11:57:43.284 - Execution context closed (xe, 1)
2026-01-16 11:57:43.284 - Disconnected (oracle_thin-19bc4bcbe39-9445566e3f38473)
2026-01-16 11:57:47.779 - Connect with 'xe' (oracle_thin-19a51d6e837-5098617506d18626)
2026-01-16 11:57:47.780 - Execution context opened (xe; Main; 2)
2026-01-16 11:57:47.849 - Execution context opened (xe; Metadata; 3)
2026-01-16 11:57:47.915 - Connected (oracle_thin-19a51d6e837-5098617506d18626, Oracle JDBC driver [23.2.0.0.0])
2026-01-16 11:57:47.973 - Execution context opened (xe; SQLEditor <comments.sql>; 4)
2026-01-16 11:58:05.906 - Service 'org.jkiss.dbeaver.ui.UIServiceConnectionEditor' not found
2026-01-16 11:58:05.951 - Service 'org.jkiss.dbeaver.runtime.ui.UIServiceSecurity' not found
2026-01-16 11:59:38.458 - Service 'org.jkiss.dbeaver.ui.UIServiceConnectionEditor' not found
2026-01-16 11:59:38.496 - Service 'org.jkiss.dbeaver.runtime.ui.UIServiceSecurity' not found
2026-01-16 15:59:43.143 - Error closing connection
java.sql.SQLRecoverableException: ORA-17002: IO 오류: Connection reset
	at oracle.jdbc.driver.T4CConnection.logoff(T4CConnection.java:2079)
	at oracle.jdbc.driver.PhysicalConnection.close(PhysicalConnection.java:2954)
	at oracle.jdbc.driver.T4CConnection.close(T4CConnection.java:11659)
	at org.jkiss.dbeaver.model.impl.jdbc.JDBCDataSource.lambda$1(JDBCDataSource.java:426)
	at org.jkiss.dbeaver.utils.RuntimeUtils$MonitoringTask.run(RuntimeUtils.java:767)
	at org.jkiss.dbeaver.utils.RuntimeUtils$1.run(RuntimeUtils.java:269)
	at org.jkiss.dbeaver.model.runtime.AbstractJob.run(AbstractJob.java:119)
	at org.eclipse.core.internal.jobs.Worker.run(Worker.java:63)
Caused by: java.net.SocketException: Connection reset
	at java.base/sun.nio.ch.SocketChannelImpl.throwConnectionReset(SocketChannelImpl.java:401)
	at java.base/sun.nio.ch.SocketChannelImpl.read(SocketChannelImpl.java:434)
	at oracle.net.nt.TimeoutSocketChannel.readFromSocket(TimeoutSocketChannel.java:743)
	at oracle.net.nt.TimeoutSocketChannel.doSelectForRead(TimeoutSocketChannel.java:604)
	at oracle.net.nt.TimeoutSocketChannel.read(TimeoutSocketChannel.java:501)
	at oracle.net.ns.NSProtocolNIO.doSocketRead(NSProtocolNIO.java:1222)
	at oracle.net.ns.NIOPacket.readHeader(NIOPacket.java:271)
	at oracle.net.ns.NIOPacket.readPacketFromSocketChannel(NIOPacket.java:204)
	at oracle.net.ns.NIOPacket.readFromSocketChannel(NIOPacket.java:147)
	at oracle.net.ns.NIOPacket.readFromSocketChannel(NIOPacket.java:120)
	at oracle.net.ns.NIONSDataChannel.readDataFromSocketChannel(NIONSDataChannel.java:104)
	at oracle.jdbc.driver.T4CMAREngineNIO.prepareForUnmarshall(T4CMAREngineNIO.java:875)
	at oracle.jdbc.driver.T4CMAREngineNIO.unmarshalUB1(T4CMAREngineNIO.java:446)
	at oracle.jdbc.driver.T4CTTIfun.receive(T4CTTIfun.java:888)
	at oracle.jdbc.driver.T4CTTIfun.doRPC(T4CTTIfun.java:443)
	at oracle.jdbc.driver.T4C7Ocommoncall.doOLOGOFF(T4C7Ocommoncall.java:69)
	at oracle.jdbc.driver.T4CConnection.logoff(T4CConnection.java:2069)
	... 7 more
2026-01-16 15:59:43.187 - Execution context closed (xe, 2)
2026-01-16 15:59:43.192 - Error closing connection
java.sql.SQLRecoverableException: ORA-17002: IO 오류: Connection reset
	at oracle.jdbc.driver.T4CConnection.logoff(T4CConnection.java:2079)
	at oracle.jdbc.driver.PhysicalConnection.close(PhysicalConnection.java:2954)
	at oracle.jdbc.driver.T4CConnection.close(T4CConnection.java:11659)
	at org.jkiss.dbeaver.model.impl.jdbc.JDBCDataSource.lambda$1(JDBCDataSource.java:426)
	at org.jkiss.dbeaver.utils.RuntimeUtils$MonitoringTask.run(RuntimeUtils.java:767)
	at org.jkiss.dbeaver.utils.RuntimeUtils$1.run(RuntimeUtils.java:269)
	at org.jkiss.dbeaver.model.runtime.AbstractJob.run(AbstractJob.java:119)
	at org.eclipse.core.internal.jobs.Worker.run(Worker.java:63)
Caused by: java.net.SocketException: Connection reset
	at java.base/sun.nio.ch.SocketChannelImpl.throwConnectionReset(SocketChannelImpl.java:401)
	at java.base/sun.nio.ch.SocketChannelImpl.read(SocketChannelImpl.java:434)
	at oracle.net.nt.TimeoutSocketChannel.readFromSocket(TimeoutSocketChannel.java:743)
	at oracle.net.nt.TimeoutSocketChannel.doSelectForRead(TimeoutSocketChannel.java:604)
	at oracle.net.nt.TimeoutSocketChannel.read(TimeoutSocketChannel.java:501)
	at oracle.net.ns.NSProtocolNIO.doSocketRead(NSProtocolNIO.java:1222)
	at oracle.net.ns.NIOPacket.readHeader(NIOPacket.java:271)
	at oracle.net.ns.NIOPacket.readPacketFromSocketChannel(NIOPacket.java:204)
	at oracle.net.ns.NIOPacket.readFromSocketChannel(NIOPacket.java:147)
	at oracle.net.ns.NIOPacket.readFromSocketChannel(NIOPacket.java:120)
	at oracle.net.ns.NIONSDataChannel.readDataFromSocketChannel(NIONSDataChannel.java:104)
	at oracle.jdbc.driver.T4CMAREngineNIO.prepareForUnmarshall(T4CMAREngineNIO.java:875)
	at oracle.jdbc.driver.T4CMAREngineNIO.unmarshalUB1(T4CMAREngineNIO.java:446)
	at oracle.jdbc.driver.T4CTTIfun.receive(T4CTTIfun.java:888)
	at oracle.jdbc.driver.T4CTTIfun.doRPC(T4CTTIfun.java:443)
	at oracle.jdbc.driver.T4C7Ocommoncall.doOLOGOFF(T4C7Ocommoncall.java:69)
	at oracle.jdbc.driver.T4CConnection.logoff(T4CConnection.java:2069)
	... 7 more
2026-01-16 15:59:43.199 - Execution context closed (xe, 3)
2026-01-16 15:59:43.202 - Error closing connection
java.sql.SQLRecoverableException: ORA-17002: IO 오류: Connection reset
	at oracle.jdbc.driver.T4CConnection.logoff(T4CConnection.java:2079)
	at oracle.jdbc.driver.PhysicalConnection.close(PhysicalConnection.java:2954)
	at oracle.jdbc.driver.T4CConnection.close(T4CConnection.java:11659)
	at org.jkiss.dbeaver.model.impl.jdbc.JDBCDataSource.lambda$1(JDBCDataSource.java:426)
	at org.jkiss.dbeaver.utils.RuntimeUtils$MonitoringTask.run(RuntimeUtils.java:767)
	at org.jkiss.dbeaver.utils.RuntimeUtils$1.run(RuntimeUtils.java:269)
	at org.jkiss.dbeaver.model.runtime.AbstractJob.run(AbstractJob.java:119)
	at org.eclipse.core.internal.jobs.Worker.run(Worker.java:63)
Caused by: java.net.SocketException: Connection reset
	at java.base/sun.nio.ch.SocketChannelImpl.throwConnectionReset(SocketChannelImpl.java:401)
	at java.base/sun.nio.ch.SocketChannelImpl.read(SocketChannelImpl.java:434)
	at oracle.net.nt.TimeoutSocketChannel.readFromSocket(TimeoutSocketChannel.java:743)
	at oracle.net.nt.TimeoutSocketChannel.doSelectForRead(TimeoutSocketChannel.java:604)
	at oracle.net.nt.TimeoutSocketChannel.read(TimeoutSocketChannel.java:501)
	at oracle.net.ns.NSProtocolNIO.doSocketRead(NSProtocolNIO.java:1222)
	at oracle.net.ns.NIOPacket.readHeader(NIOPacket.java:271)
	at oracle.net.ns.NIOPacket.readPacketFromSocketChannel(NIOPacket.java:204)
	at oracle.net.ns.NIOPacket.readFromSocketChannel(NIOPacket.java:147)
	at oracle.net.ns.NIOPacket.readFromSocketChannel(NIOPacket.java:120)
	at oracle.net.ns.NIONSDataChannel.readDataFromSocketChannel(NIONSDataChannel.java:104)
	at oracle.jdbc.driver.T4CMAREngineNIO.prepareForUnmarshall(T4CMAREngineNIO.java:875)
	at oracle.jdbc.driver.T4CMAREngineNIO.unmarshalUB1(T4CMAREngineNIO.java:446)
	at oracle.jdbc.driver.T4CTTIfun.receive(T4CTTIfun.java:888)
	at oracle.jdbc.driver.T4CTTIfun.doRPC(T4CTTIfun.java:443)
	at oracle.jdbc.driver.T4C7Ocommoncall.doOLOGOFF(T4C7Ocommoncall.java:69)
	at oracle.jdbc.driver.T4CConnection.logoff(T4CConnection.java:2069)
	... 7 more
2026-01-16 15:59:43.210 - Execution context closed (xe, 4)
2026-01-16 15:59:43.211 - Disconnected (oracle_thin-19a51d6e837-5098617506d18626)
2026-01-16 17:59:29.683 - Dispose navigator model
2026-01-16 17:59:29.741 - DBeaver is stopping
2026-01-16 17:59:29.745 - Stop instance server
2026-01-16 17:59:30.749 - Instance server has been stopped
2026-01-16 17:59:30.750 - DBeaver shutdown completed
